

initializing COG content for 'AB2255'
initializing "present" COGs
initializing "absent" COGs
initializing "novel" COGs





initializing COG content for 'CA2559'
initializing "present" COGs
initializing "absent" COGs
initializing "novel" COGs








initializing COG content for 'E_litoralis'
initializing "present" COGs
initializing "absent" COGs
initializing "novel" COGs











initializing COG content for 'FB2170'
initializing "present" COGs
initializing "absent" COGs
initializing "novel" COGs














initializing COG content for 'FP2506'
initializing "present" COGs
initializing "absent" COGs
initializing "novel" COGs

















initializing COG content for 'GB0861'
initializing "present" COGs
initializing "absent" COGs
initializing "novel" COGs




















initializing COG content for 'GB0862'
initializing "present" COGs
initializing "absent" COGs
initializing "novel" COGs























initializing COG content for 'GB2080'
initializing "present" COGs
initializing "absent" COGs
initializing "novel" COGs


























initializing COG content for 'GB2207'
initializing "present" COGs
initializing "absent" COGs
initializing "novel" COGs





























initializing COG content for 'GB2143'
initializing "present" COGs
initializing "absent" COGs
initializing "novel" COGs
































initializing COG content for 'GB5015'
initializing "present" COGs
initializing "absent" COGs
initializing "novel" COGs



































initializing COG content for 'JNB'
initializing "present" COGs
initializing "absent" COGs
initializing "novel" COGs






































initializing COG content for 'LA2155'
initializing "present" COGs
initializing "absent" COGs
initializing "novel" COGs









































initializing COG content for 'MB2181'
initializing "present" COGs
initializing "absent" COGs
initializing "novel" COGs












































initializing COG content for 'OA2633'
initializing "present" COGs
initializing "absent" COGs
initializing "novel" COGs















































initializing COG content for 'OB2597'
initializing "present" COGs
initializing "absent" COGs
initializing "novel" COGs


















































initializing COG content for 'OG2516'
initializing "present" COGs
initializing "absent" COGs
initializing "novel" COGs





















































initializing COG content for 'OS145'
initializing "present" COGs
initializing "absent" COGs
initializing "novel" COGs
























































initializing COG content for 'PB2503'
initializing "present" COGs
initializing "absent" COGs
initializing "novel" COGs



























































initializing COG content for 'PU1002'
initializing "present" COGs
initializing "absent" COGs
initializing "novel" COGs






























































initializing COG content for 'PU1062'
initializing "present" COGs
initializing "absent" COGs
initializing "novel" COGs

































































initializing COG content for 'PU7211'
initializing "present" COGs
initializing "absent" COGs
initializing "novel" COGs




































































initializing COG content for 'R2601'
initializing "present" COGs
initializing "absent" COGs
initializing "novel" COGs







































































initializing COG content for 'RB2150'
initializing "present" COGs
initializing "absent" COGs
initializing "novel" COGs










































































initializing COG content for 'RB2501'
initializing "present" COGs
initializing "absent" COGs
initializing "novel" COGs













































































initializing COG content for 'RB2654'
initializing "present" COGs
initializing "absent" COGs
initializing "novel" COGs
















































































initializing COG content for 'SAR11'
initializing "present" COGs
initializing "absent" COGs
initializing "novel" COGs

















































































